Build started 10/20/2015 5:50:32 PM.
     1>Project "F:\cs\3600\3d maze\3d maze.vcxproj" on node 2 (build target(s)).
     1>InitializeBuildStatus:
         Creating "Debug\3d maze.unsuccessfulbuild" because "AlwaysCreate" was specified.
       ClCompile:
         C:\Program Files (x86)\Microsoft Visual Studio 10.0\VC\bin\CL.exe /c /ZI /nologo /W3 /WX- /Od /Oy- /D WIN32 /D _DEBUG /D _CONSOLE /D _UNICODE /D UNICODE /Gm /EHsc /RTC1 /MDd /GS /fp:precise /Zc:wchar_t /Zc:forScope /Fo"Debug\\" /Fd"Debug\vc100.pdb" /Gd /TP /analyze- /errorReport:prompt graphics1.cpp maze.cpp rat.cpp
         maze.cpp
         Generating Code...
         Skipping... (no relevant changes detected)
         rat.cpp
         graphics1.cpp
       ManifestResourceCompile:
         All outputs are up-to-date.
       Link:
         C:\Program Files (x86)\Microsoft Visual Studio 10.0\VC\bin\link.exe /ERRORREPORT:PROMPT /OUT:"F:\cs\3600\3d maze\Debug\3d maze.exe" /INCREMENTAL /NOLOGO kernel32.lib user32.lib gdi32.lib winspool.lib comdlg32.lib advapi32.lib shell32.lib ole32.lib oleaut32.lib uuid.lib odbc32.lib odbccp32.lib /MANIFEST /ManifestFile:"Debug\3d maze.exe.intermediate.manifest" /MANIFESTUAC:"level='asInvoker' uiAccess='false'" /DEBUG /PDB:"F:\cs\3600\3d maze\Debug\3d maze.pdb" /SUBSYSTEM:CONSOLE /TLBID:1 /DYNAMICBASE /NXCOMPAT /IMPLIB:"F:\cs\3600\3d maze\Debug\3d maze.lib" /MACHINE:X86 "Debug\3d maze.exe.embed.manifest.res"
         Debug\graphics1.obj
         Debug\maze.obj
         Debug\rat.obj
         glut32.lib
       Manifest:
         C:\Program Files (x86)\Microsoft SDKs\Windows\v7.0A\bin\mt.exe /nologo /verbose /out:"Debug\3d maze.exe.embed.manifest" /manifest "Debug\3d maze.exe.intermediate.manifest"
         All outputs are up-to-date.
       LinkEmbedManifest:
         All outputs are up-to-date.
         3d maze.vcxproj -> F:\cs\3600\3d maze\Debug\3d maze.exe
       FinalizeBuildStatus:
         Deleting file "Debug\3d maze.unsuccessfulbuild".
         Touching "Debug\3d maze.lastbuildstate".
     1>Done Building Project "F:\cs\3600\3d maze\3d maze.vcxproj" (build target(s)).

Build succeeded.

Time Elapsed 00:00:04.63
